<?xml version="1.0" encoding="UTF-8"?>
<!-- Generated by org.testng.reporters.JUnitReportReporter -->
<testsuite hostname="DESKTOP-RPMO6KI" failures="0" tests="1" name="runner.TestRunner" time="0.256" errors="0" timestamp="2022-06-22T10:20:46 IST" skipped="0">
  <testcase classname="runner.TestRunner" name="runScenario" time="0.256"/>
  <system-out/>
</testsuite> <!-- runner.TestRunner -->
